<?xml version="1.0" encoding="UTF-8"?>
<testng-results ignored="10" total="11" passed="1" failed="0" skipped="0">
  <reporter-output>
  </reporter-output>
  <suite started-at="2024-02-10T16:23:51 IST" name="Suite" finished-at="2024-02-10T16:23:57 IST" duration-ms="6846">
    <groups>
      <group name="smoketest">
        <method signature="QA_LegendTestCases.addMember()[pri:2, instance:testCases.QA_LegendTestCases@49912c99]" name="addMember" class="testCases.QA_LegendTestCases"/>
      </group> <!-- smoketest -->
    </groups>
    <test started-at="2024-02-10T16:23:51 IST" name="Test" finished-at="2024-02-10T16:23:57 IST" duration-ms="6846">
      <class name="testCases.QA_LegendTestCases">
        <test-method is-config="true" signature="initialization(java.lang.String)[pri:0, instance:testCases.QA_LegendTestCases@49912c99]" started-at="2024-02-10T16:23:51 IST" name="initialization" finished-at="2024-02-10T16:23:55 IST" duration-ms="4301" status="PASS">
          <params>
            <param index="0">
              <value>
                <![CDATA[Chrome]]>
              </value>
            </param>
          </params>
          <reporter-output>
          </reporter-output>
        </test-method> <!-- initialization -->
        <test-method signature="addMember()[pri:2, instance:testCases.QA_LegendTestCases@49912c99]" started-at="2024-02-10T16:23:55 IST" name="addMember" finished-at="2024-02-10T16:23:57 IST" duration-ms="2304" status="PASS">
          <reporter-output>
          </reporter-output>
        </test-method> <!-- addMember -->
        <test-method is-config="true" signature="tearDown()[pri:0, instance:testCases.QA_LegendTestCases@49912c99]" started-at="2024-02-10T16:23:57 IST" name="tearDown" finished-at="2024-02-10T16:23:57 IST" duration-ms="195" status="PASS">
          <reporter-output>
          </reporter-output>
        </test-method> <!-- tearDown -->
      </class> <!-- testCases.QA_LegendTestCases -->
    </test> <!-- Test -->
  </suite> <!-- Suite -->
</testng-results>
