<?xml version="1.0" encoding="UTF-8"?>
<!-- Generated by org.testng.reporters.JUnitXMLReporter -->
<testsuite ignored="10" hostname="LAPTOP-9KV9NUUF" failures="0" tests="1" name="Test" time="6.846" errors="0" timestamp="2024-02-10T16:23:57 IST">
  <testcase classname="testCases.QA_LegendTestCases" name="addMember" time="2.304"/>
  <testcase classname="testCases.QA_LegendTestCases" name="add_Announcements" time="0.0">
    <ignored/>
  </testcase> <!-- add_Announcements -->
  <testcase classname="testCases.QA_LegendTestCases" name="add_Item" time="0.0">
    <ignored/>
  </testcase> <!-- add_Item -->
  <testcase classname="testCases.QA_LegendTestCases" name="loginScnrios" time="0.0">
    <ignored/>
  </testcase> <!-- loginScnrios -->
  <testcase classname="testCases.QA_LegendTestCases" name="addEvent" time="0.0">
    <ignored/>
  </testcase> <!-- addEvent -->
  <testcase classname="testCases.QA_LegendTestCases" name="loginCRM" time="0.0">
    <ignored/>
  </testcase> <!-- loginCRM -->
  <testcase classname="testCases.QA_LegendTestCases" name="add_Client" time="0.0">
    <ignored/>
  </testcase> <!-- add_Client -->
  <testcase classname="testCases.QA_LegendTestCases" name="addinvoice" time="0.0">
    <ignored/>
  </testcase> <!-- addinvoice -->
  <testcase classname="testCases.QA_LegendTestCases" name="addNoteusingQuickIcon" time="0.0">
    <ignored/>
  </testcase> <!-- addNoteusingQuickIcon -->
  <testcase classname="testCases.QA_LegendTestCases" name="applyAndAssignLeave" time="0.0">
    <ignored/>
  </testcase> <!-- applyAndAssignLeave -->
  <testcase classname="testCases.QA_LegendTestCases" name="add_Notes" time="0.0">
    <ignored/>
  </testcase> <!-- add_Notes -->
</testsuite> <!-- Test -->
