<?xml version="1.0" encoding="UTF-8"?>
<!-- Generated by org.testng.reporters.JUnitXMLReporter -->
<testsuite ignored="0" hostname="LAPTOP-9KV9NUUF" failures="0" tests="6" name="Test" time="51.929" errors="0" timestamp="2024-02-10T16:21:22 IST">
  <testcase classname="testCases.QA_LegendTestCases" name="loginScnrios" time="1.417"/>
  <testcase classname="testCases.QA_LegendTestCases" name="loginScnrios" time="1.312"/>
  <testcase classname="testCases.QA_LegendTestCases" name="loginScnrios" time="1.294"/>
  <testcase classname="testCases.QA_LegendTestCases" name="loginCRM" time="1.14"/>
  <testcase classname="testCases.QA_LegendTestCases" name="addMember" time="3.709"/>
  <testcase classname="testCases.QA_LegendTestCases" name="add_Notes" time="8.135"/>
</testsuite> <!-- Test -->
